2021-03-24 15:24:03,788 INFO [main][SpringApplication.java:675] - No active profile set, falling back to default profiles: default
2021-03-24 15:24:04,771 WARN [main][EndpointId.java:135] - Endpoint ID 'service-registry' contains invalid characters, please migrate to a valid format.
2021-03-24 15:24:04,992 INFO [main][GenericScope.java:294] - BeanFactory id=33c68227-122c-36dd-8028-a36de4f592a4
2021-03-24 15:24:05,050 INFO [main][PostProcessorRegistrationDelegate.java:330] - Bean 'org.springframework.cloud.autoconfigure.ConfigurationPropertiesRebinderAutoConfiguration' of type [org.springframework.cloud.autoconfigure.ConfigurationPropertiesRebinderAutoConfiguration$$EnhancerBySpringCGLIB$$16fce621] is not eligible for getting processed by all BeanPostProcessors (for example: not eligible for auto-proxying)
2021-03-24 15:24:05,676 INFO [main][TomcatWebServer.java:90] - Tomcat initialized with port(s): 56080 (http)
2021-03-24 15:24:05,705 INFO [main][DirectJDKLog.java:173] - Initializing ProtocolHandler ["http-nio-56080"]
2021-03-24 15:24:05,715 INFO [main][DirectJDKLog.java:173] - Starting service [Tomcat]
2021-03-24 15:24:05,715 INFO [main][DirectJDKLog.java:173] - Starting Servlet engine: [Apache Tomcat/9.0.16]
2021-03-24 15:24:05,727 INFO [main][DirectJDKLog.java:173] - The APR based Apache Tomcat Native library which allows optimal performance in production environments was not found on the java.library.path: [D:\jdk\bin;C:\Windows\Sun\Java\bin;C:\Windows\system32;C:\Windows;C:\ProgramData\Oracle\Java\javapath;C:\ProgramData\DockerDesktop\version-bin;C:\Program Files\Docker\Docker\Resources\bin;D:\xftp\;D:\xshell\;C:\Windows\system32;C:\Windows;C:\Windows\System32\Wbem;C:\Windows\System32\WindowsPowerShell\v1.0\;C:\Windows\System32\OpenSSH\;C:\Program Files\Microsoft VS Code\bin;D:\git\cmd;D:\node\node\;D:\phpstudy\phpStudy\Extensions\php\php7.3.4nts;D:\jdk\bin;D:\maven\maven\bin;D:\phpstudy\phpStudy\Extensions\MySQL5.7.26\bin;D:\go\bin;D:\python\Scripts\;D:\python\;C:\Users\wenfeng\AppData\Local\Microsoft\WindowsApps;;D:\phpstrom\phpstrom\bin;;C:\Users\wenfeng\AppData\Roaming\npm;C:\Users\wenfeng\AppData\Local\Programs\Fiddler;D:\idea2020\IntelliJ IDEA 2019.1\bin;;D:\vscode\bin;C:\Users\wenfeng\go\bin;D:\golang\golang\GoLand 2020.3.1\bin;;.]
2021-03-24 15:24:05,834 INFO [main][DirectJDKLog.java:173] - Initializing Spring embedded WebApplicationContext
2021-03-24 15:24:05,835 INFO [main][ServletWebServerApplicationContext.java:296] - Root WebApplicationContext: initialization completed in 2004 ms
2021-03-24 15:24:05,946 WARN [main][URLConfigurationSource.java:121] - No URLs will be polled as dynamic configuration sources.
2021-03-24 15:24:05,947 INFO [main][URLConfigurationSource.java:122] - To enable URLs as dynamic configuration sources, define System property archaius.configurationSource.additionalUrls or make config.properties available on classpath.
2021-03-24 15:24:05,981 INFO [main][DynamicPropertyFactory.java:281] - DynamicPropertyFactory is initialized with configuration sources: com.netflix.config.ConcurrentCompositeConfiguration@79a7bfbc
2021-03-24 15:24:07,624 INFO [main][InetUtils.java:170] - Cannot determine local hostname
2021-03-24 15:24:07,908 INFO [main][WebApplicationImpl.java:815] - Initiating Jersey application, version 'Jersey: 1.19.1 03/11/2016 02:08 PM'
2021-03-24 15:24:07,973 INFO [main][DiscoveryJerseyProvider.java:70] - Using JSON encoding codec LegacyJacksonJson
2021-03-24 15:24:07,973 INFO [main][DiscoveryJerseyProvider.java:71] - Using JSON decoding codec LegacyJacksonJson
2021-03-24 15:24:08,150 INFO [main][DiscoveryJerseyProvider.java:80] - Using XML encoding codec XStreamXml
2021-03-24 15:24:08,151 INFO [main][DiscoveryJerseyProvider.java:81] - Using XML decoding codec XStreamXml
2021-03-24 15:24:08,467 WARN [main][URLConfigurationSource.java:121] - No URLs will be polled as dynamic configuration sources.
2021-03-24 15:24:08,467 INFO [main][URLConfigurationSource.java:122] - To enable URLs as dynamic configuration sources, define System property archaius.configurationSource.additionalUrls or make config.properties available on classpath.
2021-03-24 15:24:08,681 INFO [main][ExecutorConfigurationSupport.java:171] - Initializing ExecutorService 'applicationTaskExecutor'
2021-03-24 15:24:10,318 INFO [main][InetUtils.java:170] - Cannot determine local hostname
2021-03-24 15:24:10,392 INFO [main][InstanceInfoFactory.java:71] - Setting initial instance status as: STARTING
2021-03-24 15:24:10,451 INFO [main][DiscoveryClient.java:349] - Initializing Eureka in region us-east-1
2021-03-24 15:24:10,451 INFO [main][DiscoveryClient.java:352] - Client configured to neither register nor query for data.
2021-03-24 15:24:10,475 INFO [main][DiscoveryClient.java:365] - Discovery Client initialized at timestamp 1616570650457 with initial instances count: 0
2021-03-24 15:24:10,551 INFO [main][DefaultEurekaServerContext.java:63] - Initializing ...
2021-03-24 15:24:10,553 INFO [main][PeerEurekaNodes.java:188] - Adding new peer nodes [http://localhost:56080/eureka/]
2021-03-24 15:24:10,650 INFO [main][DiscoveryJerseyProvider.java:70] - Using JSON encoding codec LegacyJacksonJson
2021-03-24 15:24:10,650 INFO [main][DiscoveryJerseyProvider.java:71] - Using JSON decoding codec LegacyJacksonJson
2021-03-24 15:24:10,651 INFO [main][DiscoveryJerseyProvider.java:80] - Using XML encoding codec XStreamXml
2021-03-24 15:24:10,651 INFO [main][DiscoveryJerseyProvider.java:81] - Using XML decoding codec XStreamXml
2021-03-24 15:24:10,755 INFO [main][PeerEurekaNodes.java:110] - Replica node URL:  http://localhost:56080/eureka/
2021-03-24 15:24:10,761 INFO [main][AbstractInstanceRegistry.java:151] - Finished initializing remote region registries. All known remote regions: []
2021-03-24 15:24:10,762 INFO [main][DefaultEurekaServerContext.java:70] - Initialized
2021-03-24 15:24:10,768 INFO [main][EndpointLinksResolver.java:59] - Exposing 2 endpoint(s) beneath base path '/actuator'
2021-03-24 15:24:10,867 INFO [main][EurekaServiceRegistry.java:42] - Registering application SEATA-DEMO-DISCOVERY with eureka with status UP
2021-03-24 15:24:10,870 INFO [Thread-33][EurekaServerBootstrap.java:109] - Setting the eureka configuration..
2021-03-24 15:24:10,871 INFO [Thread-33][EurekaServerBootstrap.java:114] - Eureka data center value eureka.datacenter is not set, defaulting to default
2021-03-24 15:24:10,871 INFO [Thread-33][EurekaServerBootstrap.java:128] - Eureka environment value eureka.environment is not set, defaulting to test
2021-03-24 15:24:10,881 INFO [main][DirectJDKLog.java:173] - Starting ProtocolHandler ["http-nio-56080"]
2021-03-24 15:24:10,881 INFO [Thread-33][EurekaServerBootstrap.java:184] - isAws returned false
2021-03-24 15:24:10,881 INFO [Thread-33][EurekaServerBootstrap.java:152] - Initialized server context
2021-03-24 15:24:10,882 INFO [Thread-33][PeerAwareInstanceRegistryImpl.java:241] - Got 1 instances from neighboring DS node
2021-03-24 15:24:10,882 INFO [Thread-33][PeerAwareInstanceRegistryImpl.java:242] - Renew threshold is: 1
2021-03-24 15:24:10,882 INFO [Thread-33][PeerAwareInstanceRegistryImpl.java:253] - Changing status to UP
2021-03-24 15:24:10,886 INFO [Thread-33][EurekaServerInitializerConfiguration.java:72] - Started Eureka Server
2021-03-24 15:24:10,899 INFO [main][TomcatWebServer.java:204] - Tomcat started on port(s): 56080 (http) with context path ''
2021-03-24 15:24:10,899 INFO [main][EurekaAutoServiceRegistration.java:141] - Updating port to 56080
2021-03-24 15:24:10,901 INFO [main][StartupInfoLogger.java:59] - Started DiscoveryServer in 11.21 seconds (JVM running for 13.058)
2021-03-24 15:24:11,560 INFO [RMI TCP Connection(3)-10.0.75.1][DirectJDKLog.java:173] - Initializing Spring DispatcherServlet 'dispatcherServlet'
2021-03-24 15:24:11,560 INFO [RMI TCP Connection(3)-10.0.75.1][FrameworkServlet.java:524] - Initializing Servlet 'dispatcherServlet'
2021-03-24 15:24:11,566 INFO [RMI TCP Connection(3)-10.0.75.1][FrameworkServlet.java:546] - Completed initialization in 5 ms
2021-03-24 15:24:20,894 INFO [Eureka-EvictionTimer][AbstractInstanceRegistry.java:1250] - Running the evict task with compensationTime 0ms
2021-03-24 15:24:30,902 INFO [Eureka-EvictionTimer][AbstractInstanceRegistry.java:1250] - Running the evict task with compensationTime 7ms
2021-03-24 15:24:40,905 INFO [Eureka-EvictionTimer][AbstractInstanceRegistry.java:1250] - Running the evict task with compensationTime 3ms
2021-03-24 15:24:50,910 INFO [Eureka-EvictionTimer][AbstractInstanceRegistry.java:1250] - Running the evict task with compensationTime 4ms
2021-03-24 15:25:00,921 INFO [Eureka-EvictionTimer][AbstractInstanceRegistry.java:1250] - Running the evict task with compensationTime 11ms
2021-03-24 15:25:10,923 INFO [Eureka-EvictionTimer][AbstractInstanceRegistry.java:1250] - Running the evict task with compensationTime 1ms
2021-03-24 15:25:20,938 INFO [Eureka-EvictionTimer][AbstractInstanceRegistry.java:1250] - Running the evict task with compensationTime 14ms
2021-03-24 15:25:30,949 INFO [Eureka-EvictionTimer][AbstractInstanceRegistry.java:1250] - Running the evict task with compensationTime 12ms
2021-03-24 15:25:40,954 INFO [Eureka-EvictionTimer][AbstractInstanceRegistry.java:1250] - Running the evict task with compensationTime 3ms
2021-03-24 15:25:50,967 INFO [Eureka-EvictionTimer][AbstractInstanceRegistry.java:1250] - Running the evict task with compensationTime 13ms
2021-03-24 15:26:00,977 INFO [Eureka-EvictionTimer][AbstractInstanceRegistry.java:1250] - Running the evict task with compensationTime 10ms
2021-03-24 15:26:10,991 INFO [Eureka-EvictionTimer][AbstractInstanceRegistry.java:1250] - Running the evict task with compensationTime 13ms
2021-03-24 15:26:20,999 INFO [Eureka-EvictionTimer][AbstractInstanceRegistry.java:1250] - Running the evict task with compensationTime 7ms
2021-03-24 15:26:31,000 INFO [Eureka-EvictionTimer][AbstractInstanceRegistry.java:1250] - Running the evict task with compensationTime 1ms
2021-03-24 15:26:41,006 INFO [Eureka-EvictionTimer][AbstractInstanceRegistry.java:1250] - Running the evict task with compensationTime 6ms
2021-03-24 15:26:51,020 INFO [Eureka-EvictionTimer][AbstractInstanceRegistry.java:1250] - Running the evict task with compensationTime 14ms
2021-03-24 15:27:01,028 INFO [Eureka-EvictionTimer][AbstractInstanceRegistry.java:1250] - Running the evict task with compensationTime 7ms
2021-03-24 15:27:11,036 INFO [Eureka-EvictionTimer][AbstractInstanceRegistry.java:1250] - Running the evict task with compensationTime 7ms
2021-03-24 15:27:21,044 INFO [Eureka-EvictionTimer][AbstractInstanceRegistry.java:1250] - Running the evict task with compensationTime 7ms
2021-03-24 15:27:31,051 INFO [Eureka-EvictionTimer][AbstractInstanceRegistry.java:1250] - Running the evict task with compensationTime 6ms
2021-03-24 15:27:41,057 INFO [Eureka-EvictionTimer][AbstractInstanceRegistry.java:1250] - Running the evict task with compensationTime 6ms
2021-03-24 15:27:51,063 INFO [Eureka-EvictionTimer][AbstractInstanceRegistry.java:1250] - Running the evict task with compensationTime 6ms
2021-03-24 15:28:01,065 INFO [Eureka-EvictionTimer][AbstractInstanceRegistry.java:1250] - Running the evict task with compensationTime 1ms
2021-03-24 15:28:11,066 INFO [Eureka-EvictionTimer][AbstractInstanceRegistry.java:1250] - Running the evict task with compensationTime 1ms
2021-03-24 15:28:21,068 INFO [Eureka-EvictionTimer][AbstractInstanceRegistry.java:1250] - Running the evict task with compensationTime 1ms
2021-03-24 15:28:31,074 INFO [Eureka-EvictionTimer][AbstractInstanceRegistry.java:1250] - Running the evict task with compensationTime 5ms
2021-03-24 15:28:41,077 INFO [Eureka-EvictionTimer][AbstractInstanceRegistry.java:1250] - Running the evict task with compensationTime 2ms
2021-03-24 15:28:51,085 INFO [Eureka-EvictionTimer][AbstractInstanceRegistry.java:1250] - Running the evict task with compensationTime 7ms
2021-03-24 15:29:01,098 INFO [Eureka-EvictionTimer][AbstractInstanceRegistry.java:1250] - Running the evict task with compensationTime 12ms
2021-03-24 15:29:11,105 INFO [Eureka-EvictionTimer][AbstractInstanceRegistry.java:1250] - Running the evict task with compensationTime 6ms
2021-03-24 15:29:21,114 INFO [Eureka-EvictionTimer][AbstractInstanceRegistry.java:1250] - Running the evict task with compensationTime 8ms
2021-03-24 15:29:31,118 INFO [Eureka-EvictionTimer][AbstractInstanceRegistry.java:1250] - Running the evict task with compensationTime 3ms
2021-03-24 15:29:41,124 INFO [Eureka-EvictionTimer][AbstractInstanceRegistry.java:1250] - Running the evict task with compensationTime 5ms
2021-03-24 15:29:51,126 INFO [Eureka-EvictionTimer][AbstractInstanceRegistry.java:1250] - Running the evict task with compensationTime 2ms
2021-03-24 15:30:01,133 INFO [Eureka-EvictionTimer][AbstractInstanceRegistry.java:1250] - Running the evict task with compensationTime 5ms
2021-03-24 15:30:11,146 INFO [Eureka-EvictionTimer][AbstractInstanceRegistry.java:1250] - Running the evict task with compensationTime 13ms
2021-03-24 15:30:21,157 INFO [Eureka-EvictionTimer][AbstractInstanceRegistry.java:1250] - Running the evict task with compensationTime 10ms
2021-03-24 15:30:31,165 INFO [Eureka-EvictionTimer][AbstractInstanceRegistry.java:1250] - Running the evict task with compensationTime 7ms
2021-03-24 15:30:41,167 INFO [Eureka-EvictionTimer][AbstractInstanceRegistry.java:1250] - Running the evict task with compensationTime 1ms
2021-03-24 15:30:51,176 INFO [Eureka-EvictionTimer][AbstractInstanceRegistry.java:1250] - Running the evict task with compensationTime 8ms
2021-03-24 15:31:01,181 INFO [Eureka-EvictionTimer][AbstractInstanceRegistry.java:1250] - Running the evict task with compensationTime 4ms
2021-03-24 15:31:11,193 INFO [Eureka-EvictionTimer][AbstractInstanceRegistry.java:1250] - Running the evict task with compensationTime 12ms
2021-03-24 15:31:21,208 INFO [Eureka-EvictionTimer][AbstractInstanceRegistry.java:1250] - Running the evict task with compensationTime 14ms
2021-03-24 15:31:31,217 INFO [Eureka-EvictionTimer][AbstractInstanceRegistry.java:1250] - Running the evict task with compensationTime 8ms
2021-03-24 15:31:41,218 INFO [Eureka-EvictionTimer][AbstractInstanceRegistry.java:1250] - Running the evict task with compensationTime 1ms
2021-03-24 15:31:51,225 INFO [Eureka-EvictionTimer][AbstractInstanceRegistry.java:1250] - Running the evict task with compensationTime 6ms
2021-03-24 15:32:01,228 INFO [Eureka-EvictionTimer][AbstractInstanceRegistry.java:1250] - Running the evict task with compensationTime 2ms
2021-03-24 15:32:11,230 INFO [Eureka-EvictionTimer][AbstractInstanceRegistry.java:1250] - Running the evict task with compensationTime 1ms
2021-03-24 15:32:21,239 INFO [Eureka-EvictionTimer][AbstractInstanceRegistry.java:1250] - Running the evict task with compensationTime 8ms
2021-03-24 15:32:31,254 INFO [Eureka-EvictionTimer][AbstractInstanceRegistry.java:1250] - Running the evict task with compensationTime 14ms
2021-03-24 15:32:41,257 INFO [Eureka-EvictionTimer][AbstractInstanceRegistry.java:1250] - Running the evict task with compensationTime 3ms
2021-03-24 15:32:51,265 INFO [Eureka-EvictionTimer][AbstractInstanceRegistry.java:1250] - Running the evict task with compensationTime 7ms
2021-03-24 15:33:01,270 INFO [Eureka-EvictionTimer][AbstractInstanceRegistry.java:1250] - Running the evict task with compensationTime 5ms
2021-03-24 15:33:11,280 INFO [Eureka-EvictionTimer][AbstractInstanceRegistry.java:1250] - Running the evict task with compensationTime 9ms
2021-03-24 15:33:18,900 INFO [http-nio-56080-exec-2][AbstractInstanceRegistry.java:266] - Registered instance SEATA-DEMO-BANK1/seata-demo-bank1:192.168.10.1:56081 with status UP (replication=false)
2021-03-24 15:33:19,487 INFO [http-nio-56080-exec-3][AbstractInstanceRegistry.java:266] - Registered instance SEATA-DEMO-BANK1/seata-demo-bank1:192.168.10.1:56081 with status UP (replication=true)
2021-03-24 15:33:21,295 INFO [Eureka-EvictionTimer][AbstractInstanceRegistry.java:1250] - Running the evict task with compensationTime 14ms
2021-03-24 15:33:31,309 INFO [Eureka-EvictionTimer][AbstractInstanceRegistry.java:1250] - Running the evict task with compensationTime 14ms
2021-03-24 15:33:41,315 INFO [Eureka-EvictionTimer][AbstractInstanceRegistry.java:1250] - Running the evict task with compensationTime 5ms
2021-03-24 15:33:44,154 INFO [http-nio-56080-exec-9][AbstractInstanceRegistry.java:266] - Registered instance SEATA-DEMO-BANK2/seata-demo-bank2:192.168.10.1:56082 with status UP (replication=false)
2021-03-24 15:33:44,452 INFO [http-nio-56080-exec-10][AbstractInstanceRegistry.java:266] - Registered instance SEATA-DEMO-BANK2/seata-demo-bank2:192.168.10.1:56082 with status UP (replication=true)
2021-03-24 15:33:51,329 INFO [Eureka-EvictionTimer][AbstractInstanceRegistry.java:1250] - Running the evict task with compensationTime 13ms
2021-03-24 15:34:01,338 INFO [Eureka-EvictionTimer][AbstractInstanceRegistry.java:1250] - Running the evict task with compensationTime 9ms
2021-03-24 15:34:11,350 INFO [Eureka-EvictionTimer][AbstractInstanceRegistry.java:1250] - Running the evict task with compensationTime 11ms
2021-03-24 15:34:21,351 INFO [Eureka-EvictionTimer][AbstractInstanceRegistry.java:1250] - Running the evict task with compensationTime 0ms
2021-03-24 15:34:31,362 INFO [Eureka-EvictionTimer][AbstractInstanceRegistry.java:1250] - Running the evict task with compensationTime 10ms
2021-03-24 15:34:41,370 INFO [Eureka-EvictionTimer][AbstractInstanceRegistry.java:1250] - Running the evict task with compensationTime 8ms
2021-03-24 15:34:51,380 INFO [Eureka-EvictionTimer][AbstractInstanceRegistry.java:1250] - Running the evict task with compensationTime 9ms
2021-03-24 15:35:01,382 INFO [Eureka-EvictionTimer][AbstractInstanceRegistry.java:1250] - Running the evict task with compensationTime 1ms
2021-03-24 15:35:11,382 INFO [Eureka-EvictionTimer][AbstractInstanceRegistry.java:1250] - Running the evict task with compensationTime 0ms
2021-03-24 15:35:21,394 INFO [Eureka-EvictionTimer][AbstractInstanceRegistry.java:1250] - Running the evict task with compensationTime 11ms
2021-03-24 15:35:31,402 INFO [Eureka-EvictionTimer][AbstractInstanceRegistry.java:1250] - Running the evict task with compensationTime 7ms
2021-03-24 15:35:41,417 INFO [Eureka-EvictionTimer][AbstractInstanceRegistry.java:1250] - Running the evict task with compensationTime 14ms
2021-03-24 15:35:51,427 INFO [Eureka-EvictionTimer][AbstractInstanceRegistry.java:1250] - Running the evict task with compensationTime 10ms
2021-03-24 15:36:01,438 INFO [Eureka-EvictionTimer][AbstractInstanceRegistry.java:1250] - Running the evict task with compensationTime 10ms
2021-03-24 15:36:11,442 INFO [Eureka-EvictionTimer][AbstractInstanceRegistry.java:1250] - Running the evict task with compensationTime 3ms
2021-03-24 15:36:21,448 INFO [Eureka-EvictionTimer][AbstractInstanceRegistry.java:1250] - Running the evict task with compensationTime 6ms
2021-03-24 15:36:31,459 INFO [Eureka-EvictionTimer][AbstractInstanceRegistry.java:1250] - Running the evict task with compensationTime 10ms
