2021-03-23 20:27:44,837 INFO [main][SpringApplication.java:675] - No active profile set, falling back to default profiles: default
2021-03-23 20:27:45,260 WARN [main][EndpointId.java:135] - Endpoint ID 'service-registry' contains invalid characters, please migrate to a valid format.
2021-03-23 20:27:45,393 INFO [main][GenericScope.java:294] - BeanFactory id=33c68227-122c-36dd-8028-a36de4f592a4
2021-03-23 20:27:45,451 INFO [main][PostProcessorRegistrationDelegate.java:330] - Bean 'org.springframework.cloud.autoconfigure.ConfigurationPropertiesRebinderAutoConfiguration' of type [org.springframework.cloud.autoconfigure.ConfigurationPropertiesRebinderAutoConfiguration$$EnhancerBySpringCGLIB$$e929f2f7] is not eligible for getting processed by all BeanPostProcessors (for example: not eligible for auto-proxying)
2021-03-23 20:27:45,675 INFO [main][TomcatWebServer.java:90] - Tomcat initialized with port(s): 56080 (http)
2021-03-23 20:27:45,684 INFO [main][DirectJDKLog.java:173] - Initializing ProtocolHandler ["http-nio-56080"]
2021-03-23 20:27:45,690 INFO [main][DirectJDKLog.java:173] - Starting service [Tomcat]
2021-03-23 20:27:45,690 INFO [main][DirectJDKLog.java:173] - Starting Servlet engine: [Apache Tomcat/9.0.16]
2021-03-23 20:27:45,695 INFO [main][DirectJDKLog.java:173] - The APR based Apache Tomcat Native library which allows optimal performance in production environments was not found on the java.library.path: [D:\jdk\bin;C:\Windows\Sun\Java\bin;C:\Windows\system32;C:\Windows;C:\ProgramData\Oracle\Java\javapath;C:\ProgramData\DockerDesktop\version-bin;C:\Program Files\Docker\Docker\Resources\bin;D:\xftp\;D:\xshell\;C:\Windows\system32;C:\Windows;C:\Windows\System32\Wbem;C:\Windows\System32\WindowsPowerShell\v1.0\;C:\Windows\System32\OpenSSH\;C:\Program Files\Microsoft VS Code\bin;D:\git\cmd;D:\node\node\;D:\phpstudy\phpStudy\Extensions\php\php7.3.4nts;D:\jdk\bin;D:\maven\maven\bin;D:\phpstudy\phpStudy\Extensions\MySQL5.7.26\bin;D:\go\bin;D:\python\Scripts\;D:\python\;C:\Users\wenfeng\AppData\Local\Microsoft\WindowsApps;;D:\phpstrom\phpstrom\bin;;C:\Users\wenfeng\AppData\Roaming\npm;C:\Users\wenfeng\AppData\Local\Programs\Fiddler;D:\idea2020\IntelliJ IDEA 2019.1\bin;;D:\vscode\bin;C:\Users\wenfeng\go\bin;D:\golang\golang\GoLand 2020.3.1\bin;;.]
2021-03-23 20:27:45,780 INFO [main][DirectJDKLog.java:173] - Initializing Spring embedded WebApplicationContext
2021-03-23 20:27:45,780 INFO [main][ServletWebServerApplicationContext.java:296] - Root WebApplicationContext: initialization completed in 934 ms
2021-03-23 20:27:45,844 WARN [main][URLConfigurationSource.java:121] - No URLs will be polled as dynamic configuration sources.
2021-03-23 20:27:45,844 INFO [main][URLConfigurationSource.java:122] - To enable URLs as dynamic configuration sources, define System property archaius.configurationSource.additionalUrls or make config.properties available on classpath.
2021-03-23 20:27:45,853 INFO [main][DynamicPropertyFactory.java:281] - DynamicPropertyFactory is initialized with configuration sources: com.netflix.config.ConcurrentCompositeConfiguration@24d61e4
2021-03-23 20:27:47,372 INFO [main][InetUtils.java:170] - Cannot determine local hostname
2021-03-23 20:27:47,519 INFO [main][WebApplicationImpl.java:815] - Initiating Jersey application, version 'Jersey: 1.19.1 03/11/2016 02:08 PM'
2021-03-23 20:27:47,562 INFO [main][DiscoveryJerseyProvider.java:70] - Using JSON encoding codec LegacyJacksonJson
2021-03-23 20:27:47,563 INFO [main][DiscoveryJerseyProvider.java:71] - Using JSON decoding codec LegacyJacksonJson
2021-03-23 20:27:47,648 INFO [main][DiscoveryJerseyProvider.java:80] - Using XML encoding codec XStreamXml
2021-03-23 20:27:47,648 INFO [main][DiscoveryJerseyProvider.java:81] - Using XML decoding codec XStreamXml
2021-03-23 20:27:47,833 WARN [main][URLConfigurationSource.java:121] - No URLs will be polled as dynamic configuration sources.
2021-03-23 20:27:47,833 INFO [main][URLConfigurationSource.java:122] - To enable URLs as dynamic configuration sources, define System property archaius.configurationSource.additionalUrls or make config.properties available on classpath.
2021-03-23 20:27:47,940 INFO [main][ExecutorConfigurationSupport.java:171] - Initializing ExecutorService 'applicationTaskExecutor'
2021-03-23 20:27:49,458 INFO [main][InetUtils.java:170] - Cannot determine local hostname
2021-03-23 20:27:49,533 INFO [main][InstanceInfoFactory.java:71] - Setting initial instance status as: STARTING
2021-03-23 20:27:49,556 INFO [main][DiscoveryClient.java:349] - Initializing Eureka in region us-east-1
2021-03-23 20:27:49,556 INFO [main][DiscoveryClient.java:352] - Client configured to neither register nor query for data.
2021-03-23 20:27:49,561 INFO [main][DiscoveryClient.java:365] - Discovery Client initialized at timestamp 1616502469560 with initial instances count: 0
2021-03-23 20:27:49,591 INFO [main][DefaultEurekaServerContext.java:63] - Initializing ...
2021-03-23 20:27:49,593 INFO [main][PeerEurekaNodes.java:188] - Adding new peer nodes [http://localhost:56080/eureka/]
2021-03-23 20:27:49,675 INFO [main][DiscoveryJerseyProvider.java:70] - Using JSON encoding codec LegacyJacksonJson
2021-03-23 20:27:49,676 INFO [main][DiscoveryJerseyProvider.java:71] - Using JSON decoding codec LegacyJacksonJson
2021-03-23 20:27:49,676 INFO [main][DiscoveryJerseyProvider.java:80] - Using XML encoding codec XStreamXml
2021-03-23 20:27:49,676 INFO [main][DiscoveryJerseyProvider.java:81] - Using XML decoding codec XStreamXml
2021-03-23 20:27:49,741 INFO [main][PeerEurekaNodes.java:110] - Replica node URL:  http://localhost:56080/eureka/
2021-03-23 20:27:49,747 INFO [main][AbstractInstanceRegistry.java:151] - Finished initializing remote region registries. All known remote regions: []
2021-03-23 20:27:49,747 INFO [main][DefaultEurekaServerContext.java:70] - Initialized
2021-03-23 20:27:49,755 INFO [main][EndpointLinksResolver.java:59] - Exposing 2 endpoint(s) beneath base path '/actuator'
2021-03-23 20:27:49,811 INFO [main][EurekaServiceRegistry.java:42] - Registering application SEATA-DEMO-DISCOVERY with eureka with status UP
2021-03-23 20:27:49,814 INFO [Thread-28][EurekaServerBootstrap.java:109] - Setting the eureka configuration..
2021-03-23 20:27:49,814 INFO [Thread-28][EurekaServerBootstrap.java:114] - Eureka data center value eureka.datacenter is not set, defaulting to default
2021-03-23 20:27:49,815 INFO [Thread-28][EurekaServerBootstrap.java:128] - Eureka environment value eureka.environment is not set, defaulting to test
2021-03-23 20:27:49,828 INFO [main][DirectJDKLog.java:173] - Starting ProtocolHandler ["http-nio-56080"]
2021-03-23 20:27:49,829 INFO [Thread-28][EurekaServerBootstrap.java:184] - isAws returned false
2021-03-23 20:27:49,829 INFO [Thread-28][EurekaServerBootstrap.java:152] - Initialized server context
2021-03-23 20:27:49,829 INFO [Thread-28][PeerAwareInstanceRegistryImpl.java:241] - Got 1 instances from neighboring DS node
2021-03-23 20:27:49,829 INFO [Thread-28][PeerAwareInstanceRegistryImpl.java:242] - Renew threshold is: 1
2021-03-23 20:27:49,830 INFO [Thread-28][PeerAwareInstanceRegistryImpl.java:253] - Changing status to UP
2021-03-23 20:27:49,835 INFO [Thread-28][EurekaServerInitializerConfiguration.java:72] - Started Eureka Server
2021-03-23 20:27:49,849 INFO [main][TomcatWebServer.java:204] - Tomcat started on port(s): 56080 (http) with context path ''
2021-03-23 20:27:49,850 INFO [main][EurekaAutoServiceRegistration.java:141] - Updating port to 56080
2021-03-23 20:27:49,852 INFO [main][StartupInfoLogger.java:59] - Started DiscoveryServer in 8.135 seconds (JVM running for 8.928)
2021-03-23 20:27:50,721 INFO [RMI TCP Connection(2)-10.0.75.1][DirectJDKLog.java:173] - Initializing Spring DispatcherServlet 'dispatcherServlet'
2021-03-23 20:27:50,721 INFO [RMI TCP Connection(2)-10.0.75.1][FrameworkServlet.java:524] - Initializing Servlet 'dispatcherServlet'
2021-03-23 20:27:50,727 INFO [RMI TCP Connection(2)-10.0.75.1][FrameworkServlet.java:546] - Completed initialization in 6 ms
2021-03-23 20:27:59,831 INFO [Eureka-EvictionTimer][AbstractInstanceRegistry.java:1250] - Running the evict task with compensationTime 0ms
2021-03-23 20:28:09,843 INFO [Eureka-EvictionTimer][AbstractInstanceRegistry.java:1250] - Running the evict task with compensationTime 11ms
2021-03-23 20:28:19,857 INFO [Eureka-EvictionTimer][AbstractInstanceRegistry.java:1250] - Running the evict task with compensationTime 14ms
2021-03-23 20:28:29,872 INFO [Eureka-EvictionTimer][AbstractInstanceRegistry.java:1250] - Running the evict task with compensationTime 14ms
2021-03-23 20:28:39,882 INFO [Eureka-EvictionTimer][AbstractInstanceRegistry.java:1250] - Running the evict task with compensationTime 10ms
2021-03-23 20:28:45,015 INFO [http-nio-56080-exec-6][AbstractInstanceRegistry.java:266] - Registered instance SEATA-DEMO-BANK1/seata-demo-bank1:192.168.10.1:56081 with status UP (replication=false)
2021-03-23 20:28:45,593 INFO [http-nio-56080-exec-7][AbstractInstanceRegistry.java:266] - Registered instance SEATA-DEMO-BANK1/seata-demo-bank1:192.168.10.1:56081 with status UP (replication=true)
2021-03-23 20:28:49,883 INFO [Eureka-EvictionTimer][AbstractInstanceRegistry.java:1250] - Running the evict task with compensationTime 0ms
2021-03-23 20:28:55,936 INFO [http-nio-56080-exec-1][AbstractInstanceRegistry.java:266] - Registered instance SEATA-DEMO-BANK2/seata-demo-bank2:192.168.10.1:56082 with status UP (replication=false)
2021-03-23 20:28:56,469 INFO [http-nio-56080-exec-2][AbstractInstanceRegistry.java:266] - Registered instance SEATA-DEMO-BANK2/seata-demo-bank2:192.168.10.1:56082 with status UP (replication=true)
2021-03-23 20:28:59,898 INFO [Eureka-EvictionTimer][AbstractInstanceRegistry.java:1250] - Running the evict task with compensationTime 15ms
2021-03-23 20:29:09,907 INFO [Eureka-EvictionTimer][AbstractInstanceRegistry.java:1250] - Running the evict task with compensationTime 8ms
2021-03-23 20:29:19,910 INFO [Eureka-EvictionTimer][AbstractInstanceRegistry.java:1250] - Running the evict task with compensationTime 3ms
2021-03-23 20:29:29,925 INFO [Eureka-EvictionTimer][AbstractInstanceRegistry.java:1250] - Running the evict task with compensationTime 14ms
2021-03-23 20:29:39,931 INFO [Eureka-EvictionTimer][AbstractInstanceRegistry.java:1250] - Running the evict task with compensationTime 6ms
2021-03-23 20:29:49,936 INFO [Eureka-EvictionTimer][AbstractInstanceRegistry.java:1250] - Running the evict task with compensationTime 5ms
2021-03-23 20:29:59,949 INFO [Eureka-EvictionTimer][AbstractInstanceRegistry.java:1250] - Running the evict task with compensationTime 13ms
2021-03-23 20:30:09,959 INFO [Eureka-EvictionTimer][AbstractInstanceRegistry.java:1250] - Running the evict task with compensationTime 9ms
2021-03-23 20:30:19,973 INFO [Eureka-EvictionTimer][AbstractInstanceRegistry.java:1250] - Running the evict task with compensationTime 14ms
2021-03-23 20:30:29,978 INFO [Eureka-EvictionTimer][AbstractInstanceRegistry.java:1250] - Running the evict task with compensationTime 4ms
2021-03-23 20:30:39,983 INFO [Eureka-EvictionTimer][AbstractInstanceRegistry.java:1250] - Running the evict task with compensationTime 5ms
2021-03-23 20:30:49,988 INFO [Eureka-EvictionTimer][AbstractInstanceRegistry.java:1250] - Running the evict task with compensationTime 5ms
2021-03-23 20:30:59,995 INFO [Eureka-EvictionTimer][AbstractInstanceRegistry.java:1250] - Running the evict task with compensationTime 7ms
2021-03-23 20:31:09,998 INFO [Eureka-EvictionTimer][AbstractInstanceRegistry.java:1250] - Running the evict task with compensationTime 2ms
2021-03-23 20:31:20,009 INFO [Eureka-EvictionTimer][AbstractInstanceRegistry.java:1250] - Running the evict task with compensationTime 10ms
2021-03-23 20:31:22,679 INFO [http-nio-56080-exec-1][AbstractInstanceRegistry.java:266] - Registered instance SEATA-DEMO-BANK1/seata-demo-bank1:192.168.10.1:56081 with status DOWN (replication=false)
2021-03-23 20:31:23,201 INFO [http-nio-56080-exec-3][AbstractInstanceRegistry.java:266] - Registered instance SEATA-DEMO-BANK1/seata-demo-bank1:192.168.10.1:56081 with status DOWN (replication=true)
2021-03-23 20:31:25,724 INFO [http-nio-56080-exec-4][AbstractInstanceRegistry.java:330] - Cancelled instance SEATA-DEMO-BANK1/seata-demo-bank1:192.168.10.1:56081 (replication=false)
2021-03-23 20:31:26,254 WARN [http-nio-56080-exec-7][AbstractInstanceRegistry.java:315] - DS: Registry: cancel failed because Lease is not registered for: SEATA-DEMO-BANK1/seata-demo-bank1:192.168.10.1:56081
2021-03-23 20:31:26,254 INFO [http-nio-56080-exec-7][InstanceResource.java:288] - Not Found (Cancel): SEATA-DEMO-BANK1 - seata-demo-bank1:192.168.10.1:56081
2021-03-23 20:31:26,256 WARN [TaskBatchingWorker-target_localhost-9][ReplicationTask.java:35] - The replication of task SEATA-DEMO-BANK1/seata-demo-bank1:192.168.10.1:56081:Cancel@localhost failed with response code 404
2021-03-23 20:31:26,256 WARN [TaskBatchingWorker-target_localhost-9][PeerEurekaNode.java:171] - SEATA-DEMO-BANK1/seata-demo-bank1:192.168.10.1:56081:Cancel@localhost: missing entry.
2021-03-23 20:31:30,018 INFO [Eureka-EvictionTimer][AbstractInstanceRegistry.java:1250] - Running the evict task with compensationTime 9ms
2021-03-23 20:31:40,023 INFO [Eureka-EvictionTimer][AbstractInstanceRegistry.java:1250] - Running the evict task with compensationTime 4ms
2021-03-23 20:31:43,533 INFO [http-nio-56080-exec-2][AbstractInstanceRegistry.java:266] - Registered instance SEATA-DEMO-BANK1/seata-demo-bank1:192.168.10.1:56081 with status UP (replication=false)
2021-03-23 20:31:44,052 INFO [http-nio-56080-exec-1][AbstractInstanceRegistry.java:266] - Registered instance SEATA-DEMO-BANK1/seata-demo-bank1:192.168.10.1:56081 with status UP (replication=true)
2021-03-23 20:31:50,024 INFO [Eureka-EvictionTimer][AbstractInstanceRegistry.java:1250] - Running the evict task with compensationTime 1ms
2021-03-23 20:32:00,032 INFO [Eureka-EvictionTimer][AbstractInstanceRegistry.java:1250] - Running the evict task with compensationTime 8ms
2021-03-23 20:32:10,047 INFO [Eureka-EvictionTimer][AbstractInstanceRegistry.java:1250] - Running the evict task with compensationTime 14ms
2021-03-23 20:32:20,059 INFO [Eureka-EvictionTimer][AbstractInstanceRegistry.java:1250] - Running the evict task with compensationTime 11ms
2021-03-23 20:32:30,072 INFO [Eureka-EvictionTimer][AbstractInstanceRegistry.java:1250] - Running the evict task with compensationTime 12ms
2021-03-23 20:32:40,082 INFO [Eureka-EvictionTimer][AbstractInstanceRegistry.java:1250] - Running the evict task with compensationTime 9ms
2021-03-23 20:32:50,090 INFO [Eureka-EvictionTimer][AbstractInstanceRegistry.java:1250] - Running the evict task with compensationTime 7ms
2021-03-23 20:33:00,096 INFO [Eureka-EvictionTimer][AbstractInstanceRegistry.java:1250] - Running the evict task with compensationTime 6ms
2021-03-23 20:33:10,107 INFO [Eureka-EvictionTimer][AbstractInstanceRegistry.java:1250] - Running the evict task with compensationTime 11ms
2021-03-23 20:33:20,112 INFO [Eureka-EvictionTimer][AbstractInstanceRegistry.java:1250] - Running the evict task with compensationTime 3ms
2021-03-23 20:33:30,125 INFO [Eureka-EvictionTimer][AbstractInstanceRegistry.java:1250] - Running the evict task with compensationTime 13ms
2021-03-23 20:33:40,128 INFO [Eureka-EvictionTimer][AbstractInstanceRegistry.java:1250] - Running the evict task with compensationTime 2ms
2021-03-23 20:33:50,137 INFO [Eureka-EvictionTimer][AbstractInstanceRegistry.java:1250] - Running the evict task with compensationTime 8ms
2021-03-23 20:34:00,147 INFO [Eureka-EvictionTimer][AbstractInstanceRegistry.java:1250] - Running the evict task with compensationTime 10ms
2021-03-23 20:34:10,156 INFO [Eureka-EvictionTimer][AbstractInstanceRegistry.java:1250] - Running the evict task with compensationTime 9ms
2021-03-23 20:34:20,166 INFO [Eureka-EvictionTimer][AbstractInstanceRegistry.java:1250] - Running the evict task with compensationTime 10ms
2021-03-23 20:34:30,168 INFO [Eureka-EvictionTimer][AbstractInstanceRegistry.java:1250] - Running the evict task with compensationTime 1ms
2021-03-23 20:34:40,170 INFO [Eureka-EvictionTimer][AbstractInstanceRegistry.java:1250] - Running the evict task with compensationTime 0ms
2021-03-23 20:34:50,180 INFO [Eureka-EvictionTimer][AbstractInstanceRegistry.java:1250] - Running the evict task with compensationTime 10ms
2021-03-23 20:35:00,183 INFO [Eureka-EvictionTimer][AbstractInstanceRegistry.java:1250] - Running the evict task with compensationTime 2ms
2021-03-23 20:35:10,190 INFO [Eureka-EvictionTimer][AbstractInstanceRegistry.java:1250] - Running the evict task with compensationTime 7ms
2021-03-23 20:35:20,190 INFO [Eureka-EvictionTimer][AbstractInstanceRegistry.java:1250] - Running the evict task with compensationTime 0ms
2021-03-23 20:35:30,206 INFO [Eureka-EvictionTimer][AbstractInstanceRegistry.java:1250] - Running the evict task with compensationTime 15ms
2021-03-23 20:35:40,220 INFO [Eureka-EvictionTimer][AbstractInstanceRegistry.java:1250] - Running the evict task with compensationTime 14ms
2021-03-23 20:35:50,227 INFO [Eureka-EvictionTimer][AbstractInstanceRegistry.java:1250] - Running the evict task with compensationTime 6ms
2021-03-23 20:36:00,231 INFO [Eureka-EvictionTimer][AbstractInstanceRegistry.java:1250] - Running the evict task with compensationTime 4ms
2021-03-23 20:36:10,233 INFO [Eureka-EvictionTimer][AbstractInstanceRegistry.java:1250] - Running the evict task with compensationTime 2ms
2021-03-23 20:36:20,236 INFO [Eureka-EvictionTimer][AbstractInstanceRegistry.java:1250] - Running the evict task with compensationTime 2ms
2021-03-23 20:36:29,965 INFO [http-nio-56080-exec-6][AbstractInstanceRegistry.java:266] - Registered instance SEATA-DEMO-BANK2/seata-demo-bank2:192.168.10.1:56082 with status DOWN (replication=false)
2021-03-23 20:36:30,245 INFO [Eureka-EvictionTimer][AbstractInstanceRegistry.java:1250] - Running the evict task with compensationTime 10ms
2021-03-23 20:36:30,497 INFO [http-nio-56080-exec-8][AbstractInstanceRegistry.java:266] - Registered instance SEATA-DEMO-BANK2/seata-demo-bank2:192.168.10.1:56082 with status DOWN (replication=true)
2021-03-23 20:36:31,921 INFO [http-nio-56080-exec-1][AbstractInstanceRegistry.java:266] - Registered instance SEATA-DEMO-BANK1/seata-demo-bank1:192.168.10.1:56081 with status DOWN (replication=false)
2021-03-23 20:36:32,456 INFO [http-nio-56080-exec-3][AbstractInstanceRegistry.java:266] - Registered instance SEATA-DEMO-BANK1/seata-demo-bank1:192.168.10.1:56081 with status DOWN (replication=true)
2021-03-23 20:36:32,990 INFO [http-nio-56080-exec-7][AbstractInstanceRegistry.java:330] - Cancelled instance SEATA-DEMO-BANK2/seata-demo-bank2:192.168.10.1:56082 (replication=false)
2021-03-23 20:36:33,510 WARN [http-nio-56080-exec-6][AbstractInstanceRegistry.java:315] - DS: Registry: cancel failed because Lease is not registered for: SEATA-DEMO-BANK2/seata-demo-bank2:192.168.10.1:56082
2021-03-23 20:36:33,511 INFO [http-nio-56080-exec-6][InstanceResource.java:288] - Not Found (Cancel): SEATA-DEMO-BANK2 - seata-demo-bank2:192.168.10.1:56082
2021-03-23 20:36:33,511 WARN [TaskBatchingWorker-target_localhost-1][ReplicationTask.java:35] - The replication of task SEATA-DEMO-BANK2/seata-demo-bank2:192.168.10.1:56082:Cancel@localhost failed with response code 404
2021-03-23 20:36:33,512 WARN [TaskBatchingWorker-target_localhost-1][PeerEurekaNode.java:171] - SEATA-DEMO-BANK2/seata-demo-bank2:192.168.10.1:56082:Cancel@localhost: missing entry.
